<?xml version="1.0" encoding="UTF-8"?>
<testsuite xmlns:xsi="http://www.w3.org/2001/XMLSchema-instance" xsi:noNamespaceSchemaLocation="https://maven.apache.org/surefire/maven-surefire-plugin/xsd/surefire-test-report.xsd" name="com.cache.JUnit5CacheTest" time="56.59" tests="8" errors="0" skipped="0" failures="2">
  <properties>
[...]
</properties>
  <testcase name="testGet" classname="com.cache.JUnit5CacheTest" time="0.014"/>
  <testcase name="testPutWithDefaultTTL" classname="com.cache.JUnit5CacheTest" time="10.001"/>
  <testcase name="testEvictionBasedOnGlobalTimeOut" classname="com.cache.JUnit5CacheTest" time="25.014">
    <failure message="Pass ==&gt; expected: &lt;0&gt; but was: &lt;5&gt;" type="org.opentest4j.AssertionFailedError"><![CDATA[org.opentest4j.AssertionFailedError: Pass ==> expected: <0> but was: <5>
	at com.cache.JUnit5CacheTest.testEvictionBasedOnGlobalTimeOut(JUnit5CacheTest.java:155)
]]></failure>
    <system-out><![CDATA[===============testEvictionBasedOnGlobalTimeOut==========================
bbb: 1620374432813
Put at 1620369432813: name1 for eviction at - 1620374432813
bbb: 1620374432813
Put at 1620369432813: name2 for eviction at - 1620374432813
bbb: 1620374432813
Put at 1620369432813: name3 for eviction at - 1620374432813
bbb: 1620374432813
Put at 1620369432813: name4 for eviction at - 1620374432813
bbb: 1620374432813
Put at 1620369432813: name5 for eviction at - 1620374432813
]]></system-out>
  </testcase>
  <testcase name="testMaxCacheSize" classname="com.cache.JUnit5CacheTest" time="0.004"/>
  <testcase name="testCreateCacheConfigurationAndCheckPropertyValue" classname="com.cache.JUnit5CacheTest" time="0"/>
  <testcase name="testPutWithTTL" classname="com.cache.JUnit5CacheTest" time="20.003">
    <failure message="Pass ==&gt; expected: &lt;0&gt; but was: &lt;1&gt;" type="org.opentest4j.AssertionFailedError"><![CDATA[org.opentest4j.AssertionFailedError: Pass ==> expected: <0> but was: <1>
	at com.cache.JUnit5CacheTest.testPutWithTTL(JUnit5CacheTest.java:36)
]]></failure>
    <system-out><![CDATA[==============testPutWithTTL================
]]></system-out>
  </testcase>
  <testcase name="testDelete" classname="com.cache.JUnit5CacheTest" time="0.003"/>
  <testcase name="testEvictionBasedOnTTL" classname="com.cache.JUnit5CacheTest" time="1.501"/>
</testsuite>