<?xml version="1.0" encoding="UTF-8"?>
<testsuite xmlns:xsi="http://www.w3.org/2001/XMLSchema-instance" xsi:noNamespaceSchemaLocation="https://maven.apache.org/surefire/maven-surefire-plugin/xsd/surefire-test-report.xsd" name="com.cache.JUnit5CacheTest" time="56.59" tests="8" errors="0" skipped="0" failures="2">
  <properties>
    <property name="sun.desktop" value="windows"/>
    <property name="awt.toolkit" value="sun.awt.windows.WToolkit"/>
    <property name="file.encoding.pkg" value="sun.io"/>
    <property name="java.specification.version" value="1.8"/>
    <property name="sun.cpu.isalist" value="amd64"/>
    <property name="sun.jnu.encoding" value="Cp1252"/>
    <property name="java.class.path" value="D:\cache\target\test-classes;D:\cache\target\classes;C:\Users\omanimaran\.m2\repository\log4j\log4j\1.2.17\log4j-1.2.17.jar;C:\Users\omanimaran\.m2\repository\org\junit\jupiter\junit-jupiter-api\5.4.2\junit-jupiter-api-5.4.2.jar;C:\Users\omanimaran\.m2\repository\org\apiguardian\apiguardian-api\1.0.0\apiguardian-api-1.0.0.jar;C:\Users\omanimaran\.m2\repository\org\opentest4j\opentest4j\1.1.1\opentest4j-1.1.1.jar;C:\Users\omanimaran\.m2\repository\org\junit\platform\junit-platform-commons\1.4.2\junit-platform-commons-1.4.2.jar;C:\Users\omanimaran\.m2\repository\org\junit\jupiter\junit-jupiter-engine\5.4.2\junit-jupiter-engine-5.4.2.jar;C:\Users\omanimaran\.m2\repository\org\junit\platform\junit-platform-engine\1.4.2\junit-platform-engine-1.4.2.jar;"/>
    <property name="java.vm.vendor" value="Oracle Corporation"/>
    <property name="sun.arch.data.model" value="64"/>
    <property name="user.variant" value=""/>
    <property name="java.vendor.url" value="http://java.oracle.com/"/>
    <property name="user.timezone" value="Asia/Calcutta"/>
    <property name="java.vm.specification.version" value="1.8"/>
    <property name="os.name" value="Windows 10"/>
    <property name="user.country" value="IN"/>
    <property name="sun.java.launcher" value="SUN_STANDARD"/>
    <property name="sun.boot.library.path" value="C:\Program Files\Java\jdk1.8.0_261\jre\bin"/>
    <property name="sun.java.command" value="C:\Users\OMANIM~1\AppData\Local\Temp\surefire490035603811527790\surefirebooter6978669463277955093.jar C:\Users\omanimaran\AppData\Local\Temp\surefire490035603811527790 2021-05-07T12-07-01_230-jvmRun1 surefire8711256840045984570tmp surefire_0930284317645481393tmp"/>
    <property name="surefire.test.class.path" value="D:\cache\target\test-classes;D:\cache\target\classes;C:\Users\omanimaran\.m2\repository\log4j\log4j\1.2.17\log4j-1.2.17.jar;C:\Users\omanimaran\.m2\repository\org\junit\jupiter\junit-jupiter-api\5.4.2\junit-jupiter-api-5.4.2.jar;C:\Users\omanimaran\.m2\repository\org\apiguardian\apiguardian-api\1.0.0\apiguardian-api-1.0.0.jar;C:\Users\omanimaran\.m2\repository\org\opentest4j\opentest4j\1.1.1\opentest4j-1.1.1.jar;C:\Users\omanimaran\.m2\repository\org\junit\platform\junit-platform-commons\1.4.2\junit-platform-commons-1.4.2.jar;C:\Users\omanimaran\.m2\repository\org\junit\jupiter\junit-jupiter-engine\5.4.2\junit-jupiter-engine-5.4.2.jar;C:\Users\omanimaran\.m2\repository\org\junit\platform\junit-platform-engine\1.4.2\junit-platform-engine-1.4.2.jar;"/>
    <property name="sun.cpu.endian" value="little"/>
    <property name="user.home" value="C:\Users\omanimaran"/>
    <property name="user.language" value="en"/>
    <property name="java.specification.vendor" value="Oracle Corporation"/>
    <property name="java.home" value="C:\Program Files\Java\jdk1.8.0_261\jre"/>
    <property name="basedir" value="D:\cache"/>
    <property name="file.separator" value="\"/>
    <property name="line.separator" value="&#10;"/>
    <property name="java.vm.specification.vendor" value="Oracle Corporation"/>
    <property name="java.specification.name" value="Java Platform API Specification"/>
    <property name="java.awt.graphicsenv" value="sun.awt.Win32GraphicsEnvironment"/>
    <property name="surefire.real.class.path" value="C:\Users\OMANIM~1\AppData\Local\Temp\surefire490035603811527790\surefirebooter6978669463277955093.jar"/>
    <property name="sun.boot.class.path" value="C:\Program Files\Java\jdk1.8.0_261\jre\lib\resources.jar;C:\Program Files\Java\jdk1.8.0_261\jre\lib\rt.jar;C:\Program Files\Java\jdk1.8.0_261\jre\lib\sunrsasign.jar;C:\Program Files\Java\jdk1.8.0_261\jre\lib\jsse.jar;C:\Program Files\Java\jdk1.8.0_261\jre\lib\jce.jar;C:\Program Files\Java\jdk1.8.0_261\jre\lib\charsets.jar;C:\Program Files\Java\jdk1.8.0_261\jre\lib\jfr.jar;C:\Program Files\Java\jdk1.8.0_261\jre\classes"/>
    <property name="user.script" value=""/>
    <property name="sun.management.compiler" value="HotSpot 64-Bit Tiered Compilers"/>
    <property name="java.runtime.version" value="1.8.0_261-b12"/>
    <property name="user.name" value="OManimaran"/>
    <property name="path.separator" value=";"/>
    <property name="os.version" value="10.0"/>
    <property name="java.endorsed.dirs" value="C:\Program Files\Java\jdk1.8.0_261\jre\lib\endorsed"/>
    <property name="java.runtime.name" value="Java(TM) SE Runtime Environment"/>
    <property name="file.encoding" value="Cp1252"/>
    <property name="java.vm.name" value="Java HotSpot(TM) 64-Bit Server VM"/>
    <property name="localRepository" value="C:\Users\omanimaran\.m2\repository"/>
    <property name="java.vendor.url.bug" value="http://bugreport.sun.com/bugreport/"/>
    <property name="java.io.tmpdir" value="C:\Users\OMANIM~1\AppData\Local\Temp\"/>
    <property name="java.version" value="1.8.0_261"/>
    <property name="user.dir" value="D:\cache"/>
    <property name="os.arch" value="amd64"/>
    <property name="java.vm.specification.name" value="Java Virtual Machine Specification"/>
    <property name="java.awt.printerjob" value="sun.awt.windows.WPrinterJob"/>
    <property name="sun.os.patch.level" value=""/>
    <property name="java.library.path" value="C:\Program Files\Java\jdk1.8.0_261\jre\bin;C:\WINDOWS\Sun\Java\bin;C:\WINDOWS\system32;C:\WINDOWS;C:\Users\omanimaran\bin;C:\Program Files\Git\mingw64\bin;C:\Program Files\Git\usr\local\bin;C:\Program Files\Git\usr\bin;C:\Program Files\Git\usr\bin;C:\Program Files\Git\mingw64\bin;C:\Program Files\Git\usr\bin;C:\Users\omanimaran\bin;C:\Program Files (x86)\Common Files\Oracle\Java\javapath;C:\WINDOWS\system32;C:\WINDOWS;C:\WINDOWS\System32\Wbem;C:\WINDOWS\System32\WindowsPowerShell\v1.0;C:\WINDOWS\System32\OpenSSH;C:\Program Files\Google\Google Apps Sync;C:\Program Files\Google\Google Apps Migration;C:\Program Files (x86)\Java\jdk1.6.0_45\bin;D:\gradle-2.7-all\gradle-2.7\bin;C:\Program Files (x86)\PuTTY;C:\Program Files\Git\cmd;C:\Program Files\MySQL\MySQL Server 5.5\bin;D:\apache\apache-tomcat-7.0.94\bin;D:\software\apache-ant-1.9.14-bin\apache-ant-1.9.14\bin;C:\Program Files\Java\jdk1.8.0_261\bin;C:\Program Files\nodejs;D:\ITS\liquibase-2.0.5-bin;D:\mvn\apache-maven-3.8.1-bin.tar\apache-maven-3.8.1-bin\apache-maven-3.8.1\bin;C:\Program Files (x86)\Rowley Associates Limited\CrossWorks for ARM 2.3\bin\crossbuild.exe;C:\Python27;C:\Python27\Scripts;C:\Users\omanimaran\AppData\Local\Microsoft\WindowsApps;C:\Users\omanimaran\AppData\Local\Programs\Microsoft VS Code\bin;C:\Users\omanimaran\AppData\Roaming\npm;C:\Program Files\Git\usr\bin\vendor_perl;C:\Program Files\Git\usr\bin\core_perl;."/>
    <property name="java.vm.info" value="mixed mode"/>
    <property name="java.vendor" value="Oracle Corporation"/>
    <property name="java.vm.version" value="25.261-b12"/>
    <property name="java.ext.dirs" value="C:\Program Files\Java\jdk1.8.0_261\jre\lib\ext;C:\WINDOWS\Sun\Java\lib\ext"/>
    <property name="sun.io.unicode.encoding" value="UnicodeLittle"/>
    <property name="java.class.version" value="52.0"/>
  </properties>
  <testcase name="testGet" classname="com.cache.JUnit5CacheTest" time="0.014"/>
  <testcase name="testPutWithDefaultTTL" classname="com.cache.JUnit5CacheTest" time="10.001"/>
  <testcase name="testEvictionBasedOnGlobalTimeOut" classname="com.cache.JUnit5CacheTest" time="25.014">
    <failure message="Pass ==&gt; expected: &lt;0&gt; but was: &lt;5&gt;" type="org.opentest4j.AssertionFailedError"><![CDATA[org.opentest4j.AssertionFailedError: Pass ==> expected: <0> but was: <5>
	at com.cache.JUnit5CacheTest.testEvictionBasedOnGlobalTimeOut(JUnit5CacheTest.java:155)
]]></failure>
    <system-out><![CDATA[===============testEvictionBasedOnGlobalTimeOut==========================
bbb: 1620374432813
Put at 1620369432813: name1 for eviction at - 1620374432813
bbb: 1620374432813
Put at 1620369432813: name2 for eviction at - 1620374432813
bbb: 1620374432813
Put at 1620369432813: name3 for eviction at - 1620374432813
bbb: 1620374432813
Put at 1620369432813: name4 for eviction at - 1620374432813
bbb: 1620374432813
Put at 1620369432813: name5 for eviction at - 1620374432813
]]></system-out>
  </testcase>
  <testcase name="testMaxCacheSize" classname="com.cache.JUnit5CacheTest" time="0.004"/>
  <testcase name="testCreateCacheConfigurationAndCheckPropertyValue" classname="com.cache.JUnit5CacheTest" time="0"/>
  <testcase name="testPutWithTTL" classname="com.cache.JUnit5CacheTest" time="20.003">
    <failure message="Pass ==&gt; expected: &lt;0&gt; but was: &lt;1&gt;" type="org.opentest4j.AssertionFailedError"><![CDATA[org.opentest4j.AssertionFailedError: Pass ==> expected: <0> but was: <1>
	at com.cache.JUnit5CacheTest.testPutWithTTL(JUnit5CacheTest.java:36)
]]></failure>
    <system-out><![CDATA[==============testPutWithTTL================
]]></system-out>
  </testcase>
  <testcase name="testDelete" classname="com.cache.JUnit5CacheTest" time="0.003"/>
  <testcase name="testEvictionBasedOnTTL" classname="com.cache.JUnit5CacheTest" time="1.501"/>
</testsuite>